
/home/runner/work/exp-mould-core-hardness-dei/exp-mould-core-hardness-dei/experiment/simulation/coreHardness/js/main.js
    3:10  warning  'dispmenu' is defined but never used     no-unused-vars
   23:1   warning  Mixed spaces and tabs                    no-mixed-spaces-and-tabs
   26:10  warning  'surface1' is defined but never used     no-unused-vars
   36:10  warning  'surface2' is defined but never used     no-unused-vars
   47:10  warning  'surface3' is defined but never used     no-unused-vars
   58:10  warning  'result' is defined but never used       no-unused-vars
   67:10  warning  'drySurface1' is defined but never used  no-unused-vars
   77:10  warning  'drySurface2' is defined but never used  no-unused-vars
   88:10  warning  'drySurface3' is defined but never used  no-unused-vars
   99:10  warning  'dryResult' is defined but never used    no-unused-vars
  108:10  warning  'resetfun' is defined but never used     no-unused-vars

/home/runner/work/exp-mould-core-hardness-dei/exp-mould-core-hardness-dei/experiment/simulation/mouldHardness/js/main.js
   3:10  warning  'dispmenu' is defined but never used       no-unused-vars
  23:1   warning  Mixed spaces and tabs                      no-mixed-spaces-and-tabs
  26:10  warning  'sandInFlask' is defined but never used    no-unused-vars
  35:10  warning  'flaskWithSand' is defined but never used  no-unused-vars
  42:10  warning  'sandRamming' is defined but never used    no-unused-vars
  51:10  warning  'sandReading' is defined but never used    no-unused-vars
  60:10  warning  'result' is defined but never used         no-unused-vars
  67:10  warning  'resetfun' is defined but never used       no-unused-vars

✖ 19 problems (0 errors, 19 warnings)

